c:\users\ereborlugimli\desktop\kerneldevelopment\kernel_ftp\x64\debug\kernel_ftp.sys
c:\users\ereborlugimli\desktop\kerneldevelopment\kernel_ftp\x64\debug\kernel_ftp.pdb
c:\users\ereborlugimli\desktop\kerneldevelopment\kernel_ftp\x64\debug\kernel_ftp\kernel_ftp.cat
c:\users\ereborlugimli\desktop\kerneldevelopment\kernel_ftp\x64\debug\kernel_ftp.inf
c:\users\ereborlugimli\desktop\kerneldevelopment\kernel_ftp\x64\debug\kernel_ftp.cer
c:\users\ereborlugimli\desktop\kerneldevelopment\kernel_ftp\x64\debug\vc143.pdb
c:\users\ereborlugimli\desktop\kerneldevelopment\kernel_ftp\x64\debug\kernel_ftp.tlog\cl.command.1.tlog
c:\users\ereborlugimli\desktop\kerneldevelopment\kernel_ftp\x64\debug\kernel_ftp.tlog\cl.items.tlog
c:\users\ereborlugimli\desktop\kerneldevelopment\kernel_ftp\x64\debug\kernel_ftp.tlog\inf2cat-expand.1016.read.1.tlog
c:\users\ereborlugimli\desktop\kerneldevelopment\kernel_ftp\x64\debug\kernel_ftp.tlog\inf2cat-expand.1016.write.1.tlog
c:\users\ereborlugimli\desktop\kerneldevelopment\kernel_ftp\x64\debug\kernel_ftp.tlog\inf2cat-expand.10312.read.1.tlog
c:\users\ereborlugimli\desktop\kerneldevelopment\kernel_ftp\x64\debug\kernel_ftp.tlog\inf2cat-expand.10312.write.1.tlog
c:\users\ereborlugimli\desktop\kerneldevelopment\kernel_ftp\x64\debug\kernel_ftp.tlog\inf2cat-expand.1032.read.1.tlog
c:\users\ereborlugimli\desktop\kerneldevelopment\kernel_ftp\x64\debug\kernel_ftp.tlog\inf2cat-expand.1032.write.1.tlog
c:\users\ereborlugimli\desktop\kerneldevelopment\kernel_ftp\x64\debug\kernel_ftp.tlog\inf2cat-expand.10504.read.1.tlog
c:\users\ereborlugimli\desktop\kerneldevelopment\kernel_ftp\x64\debug\kernel_ftp.tlog\inf2cat-expand.10504.write.1.tlog
c:\users\ereborlugimli\desktop\kerneldevelopment\kernel_ftp\x64\debug\kernel_ftp.tlog\inf2cat-expand.10576.read.1.tlog
c:\users\ereborlugimli\desktop\kerneldevelopment\kernel_ftp\x64\debug\kernel_ftp.tlog\inf2cat-expand.10576.write.1.tlog
c:\users\ereborlugimli\desktop\kerneldevelopment\kernel_ftp\x64\debug\kernel_ftp.tlog\inf2cat-expand.10692.read.1.tlog
c:\users\ereborlugimli\desktop\kerneldevelopment\kernel_ftp\x64\debug\kernel_ftp.tlog\inf2cat-expand.10692.write.1.tlog
c:\users\ereborlugimli\desktop\kerneldevelopment\kernel_ftp\x64\debug\kernel_ftp.tlog\inf2cat-expand.10764.read.1.tlog
c:\users\ereborlugimli\desktop\kerneldevelopment\kernel_ftp\x64\debug\kernel_ftp.tlog\inf2cat-expand.10764.write.1.tlog
c:\users\ereborlugimli\desktop\kerneldevelopment\kernel_ftp\x64\debug\kernel_ftp.tlog\inf2cat-expand.10988.read.1.tlog
c:\users\ereborlugimli\desktop\kerneldevelopment\kernel_ftp\x64\debug\kernel_ftp.tlog\inf2cat-expand.10988.write.1.tlog
c:\users\ereborlugimli\desktop\kerneldevelopment\kernel_ftp\x64\debug\kernel_ftp.tlog\inf2cat-expand.12044.read.1.tlog
c:\users\ereborlugimli\desktop\kerneldevelopment\kernel_ftp\x64\debug\kernel_ftp.tlog\inf2cat-expand.12044.write.1.tlog
c:\users\ereborlugimli\desktop\kerneldevelopment\kernel_ftp\x64\debug\kernel_ftp.tlog\inf2cat-expand.12608.read.1.tlog
c:\users\ereborlugimli\desktop\kerneldevelopment\kernel_ftp\x64\debug\kernel_ftp.tlog\inf2cat-expand.12608.write.1.tlog
c:\users\ereborlugimli\desktop\kerneldevelopment\kernel_ftp\x64\debug\kernel_ftp.tlog\inf2cat-expand.13160.read.1.tlog
c:\users\ereborlugimli\desktop\kerneldevelopment\kernel_ftp\x64\debug\kernel_ftp.tlog\inf2cat-expand.13160.write.1.tlog
c:\users\ereborlugimli\desktop\kerneldevelopment\kernel_ftp\x64\debug\kernel_ftp.tlog\inf2cat-expand.14028.read.1.tlog
c:\users\ereborlugimli\desktop\kerneldevelopment\kernel_ftp\x64\debug\kernel_ftp.tlog\inf2cat-expand.14028.write.1.tlog
c:\users\ereborlugimli\desktop\kerneldevelopment\kernel_ftp\x64\debug\kernel_ftp.tlog\inf2cat-expand.14248.read.1.tlog
c:\users\ereborlugimli\desktop\kerneldevelopment\kernel_ftp\x64\debug\kernel_ftp.tlog\inf2cat-expand.14248.write.1.tlog
c:\users\ereborlugimli\desktop\kerneldevelopment\kernel_ftp\x64\debug\kernel_ftp.tlog\inf2cat-expand.14944.read.1.tlog
c:\users\ereborlugimli\desktop\kerneldevelopment\kernel_ftp\x64\debug\kernel_ftp.tlog\inf2cat-expand.14944.write.1.tlog
c:\users\ereborlugimli\desktop\kerneldevelopment\kernel_ftp\x64\debug\kernel_ftp.tlog\inf2cat-expand.15376.read.1.tlog
c:\users\ereborlugimli\desktop\kerneldevelopment\kernel_ftp\x64\debug\kernel_ftp.tlog\inf2cat-expand.15376.write.1.tlog
c:\users\ereborlugimli\desktop\kerneldevelopment\kernel_ftp\x64\debug\kernel_ftp.tlog\inf2cat-expand.15544.read.1.tlog
c:\users\ereborlugimli\desktop\kerneldevelopment\kernel_ftp\x64\debug\kernel_ftp.tlog\inf2cat-expand.15544.write.1.tlog
c:\users\ereborlugimli\desktop\kerneldevelopment\kernel_ftp\x64\debug\kernel_ftp.tlog\inf2cat-expand.16844.read.1.tlog
c:\users\ereborlugimli\desktop\kerneldevelopment\kernel_ftp\x64\debug\kernel_ftp.tlog\inf2cat-expand.16844.write.1.tlog
c:\users\ereborlugimli\desktop\kerneldevelopment\kernel_ftp\x64\debug\kernel_ftp.tlog\inf2cat-expand.17060.read.1.tlog
c:\users\ereborlugimli\desktop\kerneldevelopment\kernel_ftp\x64\debug\kernel_ftp.tlog\inf2cat-expand.17060.write.1.tlog
c:\users\ereborlugimli\desktop\kerneldevelopment\kernel_ftp\x64\debug\kernel_ftp.tlog\inf2cat-expand.17544.read.1.tlog
c:\users\ereborlugimli\desktop\kerneldevelopment\kernel_ftp\x64\debug\kernel_ftp.tlog\inf2cat-expand.17544.write.1.tlog
c:\users\ereborlugimli\desktop\kerneldevelopment\kernel_ftp\x64\debug\kernel_ftp.tlog\inf2cat-expand.17716.read.1.tlog
c:\users\ereborlugimli\desktop\kerneldevelopment\kernel_ftp\x64\debug\kernel_ftp.tlog\inf2cat-expand.17716.write.1.tlog
c:\users\ereborlugimli\desktop\kerneldevelopment\kernel_ftp\x64\debug\kernel_ftp.tlog\inf2cat-expand.18192.read.1.tlog
c:\users\ereborlugimli\desktop\kerneldevelopment\kernel_ftp\x64\debug\kernel_ftp.tlog\inf2cat-expand.18192.write.1.tlog
c:\users\ereborlugimli\desktop\kerneldevelopment\kernel_ftp\x64\debug\kernel_ftp.tlog\inf2cat-expand.18328.read.1.tlog
c:\users\ereborlugimli\desktop\kerneldevelopment\kernel_ftp\x64\debug\kernel_ftp.tlog\inf2cat-expand.18328.write.1.tlog
c:\users\ereborlugimli\desktop\kerneldevelopment\kernel_ftp\x64\debug\kernel_ftp.tlog\inf2cat-expand.18344.read.1.tlog
c:\users\ereborlugimli\desktop\kerneldevelopment\kernel_ftp\x64\debug\kernel_ftp.tlog\inf2cat-expand.18344.write.1.tlog
c:\users\ereborlugimli\desktop\kerneldevelopment\kernel_ftp\x64\debug\kernel_ftp.tlog\inf2cat-expand.18708.read.1.tlog
c:\users\ereborlugimli\desktop\kerneldevelopment\kernel_ftp\x64\debug\kernel_ftp.tlog\inf2cat-expand.18708.write.1.tlog
c:\users\ereborlugimli\desktop\kerneldevelopment\kernel_ftp\x64\debug\kernel_ftp.tlog\inf2cat-expand.18828.read.1.tlog
c:\users\ereborlugimli\desktop\kerneldevelopment\kernel_ftp\x64\debug\kernel_ftp.tlog\inf2cat-expand.18828.write.1.tlog
c:\users\ereborlugimli\desktop\kerneldevelopment\kernel_ftp\x64\debug\kernel_ftp.tlog\inf2cat-expand.18864.read.1.tlog
c:\users\ereborlugimli\desktop\kerneldevelopment\kernel_ftp\x64\debug\kernel_ftp.tlog\inf2cat-expand.18864.write.1.tlog
c:\users\ereborlugimli\desktop\kerneldevelopment\kernel_ftp\x64\debug\kernel_ftp.tlog\inf2cat-expand.18980.read.1.tlog
c:\users\ereborlugimli\desktop\kerneldevelopment\kernel_ftp\x64\debug\kernel_ftp.tlog\inf2cat-expand.18980.write.1.tlog
c:\users\ereborlugimli\desktop\kerneldevelopment\kernel_ftp\x64\debug\kernel_ftp.tlog\inf2cat-expand.19160.read.1.tlog
c:\users\ereborlugimli\desktop\kerneldevelopment\kernel_ftp\x64\debug\kernel_ftp.tlog\inf2cat-expand.19160.write.1.tlog
c:\users\ereborlugimli\desktop\kerneldevelopment\kernel_ftp\x64\debug\kernel_ftp.tlog\inf2cat-expand.19460.read.1.tlog
c:\users\ereborlugimli\desktop\kerneldevelopment\kernel_ftp\x64\debug\kernel_ftp.tlog\inf2cat-expand.19460.write.1.tlog
c:\users\ereborlugimli\desktop\kerneldevelopment\kernel_ftp\x64\debug\kernel_ftp.tlog\inf2cat-expand.19556.read.1.tlog
c:\users\ereborlugimli\desktop\kerneldevelopment\kernel_ftp\x64\debug\kernel_ftp.tlog\inf2cat-expand.19556.write.1.tlog
c:\users\ereborlugimli\desktop\kerneldevelopment\kernel_ftp\x64\debug\kernel_ftp.tlog\inf2cat-expand.20404.read.1.tlog
c:\users\ereborlugimli\desktop\kerneldevelopment\kernel_ftp\x64\debug\kernel_ftp.tlog\inf2cat-expand.20404.write.1.tlog
c:\users\ereborlugimli\desktop\kerneldevelopment\kernel_ftp\x64\debug\kernel_ftp.tlog\inf2cat-expand.20656.read.1.tlog
c:\users\ereborlugimli\desktop\kerneldevelopment\kernel_ftp\x64\debug\kernel_ftp.tlog\inf2cat-expand.20656.write.1.tlog
c:\users\ereborlugimli\desktop\kerneldevelopment\kernel_ftp\x64\debug\kernel_ftp.tlog\inf2cat-expand.20940.read.1.tlog
c:\users\ereborlugimli\desktop\kerneldevelopment\kernel_ftp\x64\debug\kernel_ftp.tlog\inf2cat-expand.20940.write.1.tlog
c:\users\ereborlugimli\desktop\kerneldevelopment\kernel_ftp\x64\debug\kernel_ftp.tlog\inf2cat-expand.20984.read.1.tlog
c:\users\ereborlugimli\desktop\kerneldevelopment\kernel_ftp\x64\debug\kernel_ftp.tlog\inf2cat-expand.20984.write.1.tlog
c:\users\ereborlugimli\desktop\kerneldevelopment\kernel_ftp\x64\debug\kernel_ftp.tlog\inf2cat-expand.21056.read.1.tlog
c:\users\ereborlugimli\desktop\kerneldevelopment\kernel_ftp\x64\debug\kernel_ftp.tlog\inf2cat-expand.21056.write.1.tlog
c:\users\ereborlugimli\desktop\kerneldevelopment\kernel_ftp\x64\debug\kernel_ftp.tlog\inf2cat-expand.21224.read.1.tlog
c:\users\ereborlugimli\desktop\kerneldevelopment\kernel_ftp\x64\debug\kernel_ftp.tlog\inf2cat-expand.21224.write.1.tlog
c:\users\ereborlugimli\desktop\kerneldevelopment\kernel_ftp\x64\debug\kernel_ftp.tlog\inf2cat-expand.21244.read.1.tlog
c:\users\ereborlugimli\desktop\kerneldevelopment\kernel_ftp\x64\debug\kernel_ftp.tlog\inf2cat-expand.21244.write.1.tlog
c:\users\ereborlugimli\desktop\kerneldevelopment\kernel_ftp\x64\debug\kernel_ftp.tlog\inf2cat-expand.21368.read.1.tlog
c:\users\ereborlugimli\desktop\kerneldevelopment\kernel_ftp\x64\debug\kernel_ftp.tlog\inf2cat-expand.21368.write.1.tlog
c:\users\ereborlugimli\desktop\kerneldevelopment\kernel_ftp\x64\debug\kernel_ftp.tlog\inf2cat-expand.21500.read.1.tlog
c:\users\ereborlugimli\desktop\kerneldevelopment\kernel_ftp\x64\debug\kernel_ftp.tlog\inf2cat-expand.21500.write.1.tlog
c:\users\ereborlugimli\desktop\kerneldevelopment\kernel_ftp\x64\debug\kernel_ftp.tlog\inf2cat-expand.21652.read.1.tlog
c:\users\ereborlugimli\desktop\kerneldevelopment\kernel_ftp\x64\debug\kernel_ftp.tlog\inf2cat-expand.21652.write.1.tlog
c:\users\ereborlugimli\desktop\kerneldevelopment\kernel_ftp\x64\debug\kernel_ftp.tlog\inf2cat-expand.21884.read.1.tlog
c:\users\ereborlugimli\desktop\kerneldevelopment\kernel_ftp\x64\debug\kernel_ftp.tlog\inf2cat-expand.21884.write.1.tlog
c:\users\ereborlugimli\desktop\kerneldevelopment\kernel_ftp\x64\debug\kernel_ftp.tlog\inf2cat-expand.21940.read.1.tlog
c:\users\ereborlugimli\desktop\kerneldevelopment\kernel_ftp\x64\debug\kernel_ftp.tlog\inf2cat-expand.21940.write.1.tlog
c:\users\ereborlugimli\desktop\kerneldevelopment\kernel_ftp\x64\debug\kernel_ftp.tlog\inf2cat-expand.2204.read.1.tlog
c:\users\ereborlugimli\desktop\kerneldevelopment\kernel_ftp\x64\debug\kernel_ftp.tlog\inf2cat-expand.2204.write.1.tlog
c:\users\ereborlugimli\desktop\kerneldevelopment\kernel_ftp\x64\debug\kernel_ftp.tlog\inf2cat-expand.22172.read.1.tlog
c:\users\ereborlugimli\desktop\kerneldevelopment\kernel_ftp\x64\debug\kernel_ftp.tlog\inf2cat-expand.22172.write.1.tlog
c:\users\ereborlugimli\desktop\kerneldevelopment\kernel_ftp\x64\debug\kernel_ftp.tlog\inf2cat-expand.22324.read.1.tlog
c:\users\ereborlugimli\desktop\kerneldevelopment\kernel_ftp\x64\debug\kernel_ftp.tlog\inf2cat-expand.22324.write.1.tlog
c:\users\ereborlugimli\desktop\kerneldevelopment\kernel_ftp\x64\debug\kernel_ftp.tlog\inf2cat-expand.22348.read.1.tlog
c:\users\ereborlugimli\desktop\kerneldevelopment\kernel_ftp\x64\debug\kernel_ftp.tlog\inf2cat-expand.22348.write.1.tlog
c:\users\ereborlugimli\desktop\kerneldevelopment\kernel_ftp\x64\debug\kernel_ftp.tlog\inf2cat-expand.22492.read.1.tlog
c:\users\ereborlugimli\desktop\kerneldevelopment\kernel_ftp\x64\debug\kernel_ftp.tlog\inf2cat-expand.22492.write.1.tlog
c:\users\ereborlugimli\desktop\kerneldevelopment\kernel_ftp\x64\debug\kernel_ftp.tlog\inf2cat-expand.22680.read.1.tlog
c:\users\ereborlugimli\desktop\kerneldevelopment\kernel_ftp\x64\debug\kernel_ftp.tlog\inf2cat-expand.22680.write.1.tlog
c:\users\ereborlugimli\desktop\kerneldevelopment\kernel_ftp\x64\debug\kernel_ftp.tlog\inf2cat-expand.22728.read.1.tlog
c:\users\ereborlugimli\desktop\kerneldevelopment\kernel_ftp\x64\debug\kernel_ftp.tlog\inf2cat-expand.22728.write.1.tlog
c:\users\ereborlugimli\desktop\kerneldevelopment\kernel_ftp\x64\debug\kernel_ftp.tlog\inf2cat-expand.22780.read.1.tlog
c:\users\ereborlugimli\desktop\kerneldevelopment\kernel_ftp\x64\debug\kernel_ftp.tlog\inf2cat-expand.22780.write.1.tlog
c:\users\ereborlugimli\desktop\kerneldevelopment\kernel_ftp\x64\debug\kernel_ftp.tlog\inf2cat-expand.22896.read.1.tlog
c:\users\ereborlugimli\desktop\kerneldevelopment\kernel_ftp\x64\debug\kernel_ftp.tlog\inf2cat-expand.22896.write.1.tlog
c:\users\ereborlugimli\desktop\kerneldevelopment\kernel_ftp\x64\debug\kernel_ftp.tlog\inf2cat-expand.23016.read.1.tlog
c:\users\ereborlugimli\desktop\kerneldevelopment\kernel_ftp\x64\debug\kernel_ftp.tlog\inf2cat-expand.23016.write.1.tlog
c:\users\ereborlugimli\desktop\kerneldevelopment\kernel_ftp\x64\debug\kernel_ftp.tlog\inf2cat-expand.23032.read.1.tlog
c:\users\ereborlugimli\desktop\kerneldevelopment\kernel_ftp\x64\debug\kernel_ftp.tlog\inf2cat-expand.23032.write.1.tlog
c:\users\ereborlugimli\desktop\kerneldevelopment\kernel_ftp\x64\debug\kernel_ftp.tlog\inf2cat-expand.23188.read.1.tlog
c:\users\ereborlugimli\desktop\kerneldevelopment\kernel_ftp\x64\debug\kernel_ftp.tlog\inf2cat-expand.23188.write.1.tlog
c:\users\ereborlugimli\desktop\kerneldevelopment\kernel_ftp\x64\debug\kernel_ftp.tlog\inf2cat-expand.23464.read.1.tlog
c:\users\ereborlugimli\desktop\kerneldevelopment\kernel_ftp\x64\debug\kernel_ftp.tlog\inf2cat-expand.23464.write.1.tlog
c:\users\ereborlugimli\desktop\kerneldevelopment\kernel_ftp\x64\debug\kernel_ftp.tlog\inf2cat-expand.23584.read.1.tlog
c:\users\ereborlugimli\desktop\kerneldevelopment\kernel_ftp\x64\debug\kernel_ftp.tlog\inf2cat-expand.23584.write.1.tlog
c:\users\ereborlugimli\desktop\kerneldevelopment\kernel_ftp\x64\debug\kernel_ftp.tlog\inf2cat-expand.23680.read.1.tlog
c:\users\ereborlugimli\desktop\kerneldevelopment\kernel_ftp\x64\debug\kernel_ftp.tlog\inf2cat-expand.23680.write.1.tlog
c:\users\ereborlugimli\desktop\kerneldevelopment\kernel_ftp\x64\debug\kernel_ftp.tlog\inf2cat-expand.23820.read.1.tlog
c:\users\ereborlugimli\desktop\kerneldevelopment\kernel_ftp\x64\debug\kernel_ftp.tlog\inf2cat-expand.23820.write.1.tlog
c:\users\ereborlugimli\desktop\kerneldevelopment\kernel_ftp\x64\debug\kernel_ftp.tlog\inf2cat-expand.23848.read.1.tlog
c:\users\ereborlugimli\desktop\kerneldevelopment\kernel_ftp\x64\debug\kernel_ftp.tlog\inf2cat-expand.23848.write.1.tlog
c:\users\ereborlugimli\desktop\kerneldevelopment\kernel_ftp\x64\debug\kernel_ftp.tlog\inf2cat-expand.23884.read.1.tlog
c:\users\ereborlugimli\desktop\kerneldevelopment\kernel_ftp\x64\debug\kernel_ftp.tlog\inf2cat-expand.23884.write.1.tlog
c:\users\ereborlugimli\desktop\kerneldevelopment\kernel_ftp\x64\debug\kernel_ftp.tlog\inf2cat-expand.24176.read.1.tlog
c:\users\ereborlugimli\desktop\kerneldevelopment\kernel_ftp\x64\debug\kernel_ftp.tlog\inf2cat-expand.24176.write.1.tlog
c:\users\ereborlugimli\desktop\kerneldevelopment\kernel_ftp\x64\debug\kernel_ftp.tlog\inf2cat-expand.24264.read.1.tlog
c:\users\ereborlugimli\desktop\kerneldevelopment\kernel_ftp\x64\debug\kernel_ftp.tlog\inf2cat-expand.24264.write.1.tlog
c:\users\ereborlugimli\desktop\kerneldevelopment\kernel_ftp\x64\debug\kernel_ftp.tlog\inf2cat-expand.24392.read.1.tlog
c:\users\ereborlugimli\desktop\kerneldevelopment\kernel_ftp\x64\debug\kernel_ftp.tlog\inf2cat-expand.24392.write.1.tlog
c:\users\ereborlugimli\desktop\kerneldevelopment\kernel_ftp\x64\debug\kernel_ftp.tlog\inf2cat-expand.24420.read.1.tlog
c:\users\ereborlugimli\desktop\kerneldevelopment\kernel_ftp\x64\debug\kernel_ftp.tlog\inf2cat-expand.24420.write.1.tlog
c:\users\ereborlugimli\desktop\kerneldevelopment\kernel_ftp\x64\debug\kernel_ftp.tlog\inf2cat-expand.24432.read.1.tlog
c:\users\ereborlugimli\desktop\kerneldevelopment\kernel_ftp\x64\debug\kernel_ftp.tlog\inf2cat-expand.24432.write.1.tlog
c:\users\ereborlugimli\desktop\kerneldevelopment\kernel_ftp\x64\debug\kernel_ftp.tlog\inf2cat-expand.24452.read.1.tlog
c:\users\ereborlugimli\desktop\kerneldevelopment\kernel_ftp\x64\debug\kernel_ftp.tlog\inf2cat-expand.24452.write.1.tlog
c:\users\ereborlugimli\desktop\kerneldevelopment\kernel_ftp\x64\debug\kernel_ftp.tlog\inf2cat-expand.24476.read.1.tlog
c:\users\ereborlugimli\desktop\kerneldevelopment\kernel_ftp\x64\debug\kernel_ftp.tlog\inf2cat-expand.24476.write.1.tlog
c:\users\ereborlugimli\desktop\kerneldevelopment\kernel_ftp\x64\debug\kernel_ftp.tlog\inf2cat-expand.24516.read.1.tlog
c:\users\ereborlugimli\desktop\kerneldevelopment\kernel_ftp\x64\debug\kernel_ftp.tlog\inf2cat-expand.24516.write.1.tlog
c:\users\ereborlugimli\desktop\kerneldevelopment\kernel_ftp\x64\debug\kernel_ftp.tlog\inf2cat-expand.24692.read.1.tlog
c:\users\ereborlugimli\desktop\kerneldevelopment\kernel_ftp\x64\debug\kernel_ftp.tlog\inf2cat-expand.24692.write.1.tlog
c:\users\ereborlugimli\desktop\kerneldevelopment\kernel_ftp\x64\debug\kernel_ftp.tlog\inf2cat-expand.24700.read.1.tlog
c:\users\ereborlugimli\desktop\kerneldevelopment\kernel_ftp\x64\debug\kernel_ftp.tlog\inf2cat-expand.24700.write.1.tlog
c:\users\ereborlugimli\desktop\kerneldevelopment\kernel_ftp\x64\debug\kernel_ftp.tlog\inf2cat-expand.24820.read.1.tlog
c:\users\ereborlugimli\desktop\kerneldevelopment\kernel_ftp\x64\debug\kernel_ftp.tlog\inf2cat-expand.24820.write.1.tlog
c:\users\ereborlugimli\desktop\kerneldevelopment\kernel_ftp\x64\debug\kernel_ftp.tlog\inf2cat-expand.25196.read.1.tlog
c:\users\ereborlugimli\desktop\kerneldevelopment\kernel_ftp\x64\debug\kernel_ftp.tlog\inf2cat-expand.25196.write.1.tlog
c:\users\ereborlugimli\desktop\kerneldevelopment\kernel_ftp\x64\debug\kernel_ftp.tlog\inf2cat-expand.25860.read.1.tlog
c:\users\ereborlugimli\desktop\kerneldevelopment\kernel_ftp\x64\debug\kernel_ftp.tlog\inf2cat-expand.25860.write.1.tlog
c:\users\ereborlugimli\desktop\kerneldevelopment\kernel_ftp\x64\debug\kernel_ftp.tlog\inf2cat-expand.2592.read.1.tlog
c:\users\ereborlugimli\desktop\kerneldevelopment\kernel_ftp\x64\debug\kernel_ftp.tlog\inf2cat-expand.2592.write.1.tlog
c:\users\ereborlugimli\desktop\kerneldevelopment\kernel_ftp\x64\debug\kernel_ftp.tlog\inf2cat-expand.26172.read.1.tlog
c:\users\ereborlugimli\desktop\kerneldevelopment\kernel_ftp\x64\debug\kernel_ftp.tlog\inf2cat-expand.26172.write.1.tlog
c:\users\ereborlugimli\desktop\kerneldevelopment\kernel_ftp\x64\debug\kernel_ftp.tlog\inf2cat-expand.26188.read.1.tlog
c:\users\ereborlugimli\desktop\kerneldevelopment\kernel_ftp\x64\debug\kernel_ftp.tlog\inf2cat-expand.26188.write.1.tlog
c:\users\ereborlugimli\desktop\kerneldevelopment\kernel_ftp\x64\debug\kernel_ftp.tlog\inf2cat-expand.26520.read.1.tlog
c:\users\ereborlugimli\desktop\kerneldevelopment\kernel_ftp\x64\debug\kernel_ftp.tlog\inf2cat-expand.26520.write.1.tlog
c:\users\ereborlugimli\desktop\kerneldevelopment\kernel_ftp\x64\debug\kernel_ftp.tlog\inf2cat-expand.26572.read.1.tlog
c:\users\ereborlugimli\desktop\kerneldevelopment\kernel_ftp\x64\debug\kernel_ftp.tlog\inf2cat-expand.26572.write.1.tlog
c:\users\ereborlugimli\desktop\kerneldevelopment\kernel_ftp\x64\debug\kernel_ftp.tlog\inf2cat-expand.27064.read.1.tlog
c:\users\ereborlugimli\desktop\kerneldevelopment\kernel_ftp\x64\debug\kernel_ftp.tlog\inf2cat-expand.27064.write.1.tlog
c:\users\ereborlugimli\desktop\kerneldevelopment\kernel_ftp\x64\debug\kernel_ftp.tlog\inf2cat-expand.27124.read.1.tlog
c:\users\ereborlugimli\desktop\kerneldevelopment\kernel_ftp\x64\debug\kernel_ftp.tlog\inf2cat-expand.27124.write.1.tlog
c:\users\ereborlugimli\desktop\kerneldevelopment\kernel_ftp\x64\debug\kernel_ftp.tlog\inf2cat-expand.2736.read.1.tlog
c:\users\ereborlugimli\desktop\kerneldevelopment\kernel_ftp\x64\debug\kernel_ftp.tlog\inf2cat-expand.2736.write.1.tlog
c:\users\ereborlugimli\desktop\kerneldevelopment\kernel_ftp\x64\debug\kernel_ftp.tlog\inf2cat-expand.27868.read.1.tlog
c:\users\ereborlugimli\desktop\kerneldevelopment\kernel_ftp\x64\debug\kernel_ftp.tlog\inf2cat-expand.27868.write.1.tlog
c:\users\ereborlugimli\desktop\kerneldevelopment\kernel_ftp\x64\debug\kernel_ftp.tlog\inf2cat-expand.27972.read.1.tlog
c:\users\ereborlugimli\desktop\kerneldevelopment\kernel_ftp\x64\debug\kernel_ftp.tlog\inf2cat-expand.27972.write.1.tlog
c:\users\ereborlugimli\desktop\kerneldevelopment\kernel_ftp\x64\debug\kernel_ftp.tlog\inf2cat-expand.28472.read.1.tlog
c:\users\ereborlugimli\desktop\kerneldevelopment\kernel_ftp\x64\debug\kernel_ftp.tlog\inf2cat-expand.28472.write.1.tlog
c:\users\ereborlugimli\desktop\kerneldevelopment\kernel_ftp\x64\debug\kernel_ftp.tlog\inf2cat-expand.28476.read.1.tlog
c:\users\ereborlugimli\desktop\kerneldevelopment\kernel_ftp\x64\debug\kernel_ftp.tlog\inf2cat-expand.28476.write.1.tlog
c:\users\ereborlugimli\desktop\kerneldevelopment\kernel_ftp\x64\debug\kernel_ftp.tlog\inf2cat-expand.28868.read.1.tlog
c:\users\ereborlugimli\desktop\kerneldevelopment\kernel_ftp\x64\debug\kernel_ftp.tlog\inf2cat-expand.28868.write.1.tlog
c:\users\ereborlugimli\desktop\kerneldevelopment\kernel_ftp\x64\debug\kernel_ftp.tlog\inf2cat-expand.28952.read.1.tlog
c:\users\ereborlugimli\desktop\kerneldevelopment\kernel_ftp\x64\debug\kernel_ftp.tlog\inf2cat-expand.28952.write.1.tlog
c:\users\ereborlugimli\desktop\kerneldevelopment\kernel_ftp\x64\debug\kernel_ftp.tlog\inf2cat-expand.29048.read.1.tlog
c:\users\ereborlugimli\desktop\kerneldevelopment\kernel_ftp\x64\debug\kernel_ftp.tlog\inf2cat-expand.29048.write.1.tlog
c:\users\ereborlugimli\desktop\kerneldevelopment\kernel_ftp\x64\debug\kernel_ftp.tlog\inf2cat-expand.29112.read.1.tlog
c:\users\ereborlugimli\desktop\kerneldevelopment\kernel_ftp\x64\debug\kernel_ftp.tlog\inf2cat-expand.29112.write.1.tlog
c:\users\ereborlugimli\desktop\kerneldevelopment\kernel_ftp\x64\debug\kernel_ftp.tlog\inf2cat-expand.3692.read.1.tlog
c:\users\ereborlugimli\desktop\kerneldevelopment\kernel_ftp\x64\debug\kernel_ftp.tlog\inf2cat-expand.3692.write.1.tlog
c:\users\ereborlugimli\desktop\kerneldevelopment\kernel_ftp\x64\debug\kernel_ftp.tlog\inf2cat-expand.4112.read.1.tlog
c:\users\ereborlugimli\desktop\kerneldevelopment\kernel_ftp\x64\debug\kernel_ftp.tlog\inf2cat-expand.4112.write.1.tlog
c:\users\ereborlugimli\desktop\kerneldevelopment\kernel_ftp\x64\debug\kernel_ftp.tlog\inf2cat-expand.4128.read.1.tlog
c:\users\ereborlugimli\desktop\kerneldevelopment\kernel_ftp\x64\debug\kernel_ftp.tlog\inf2cat-expand.4128.write.1.tlog
c:\users\ereborlugimli\desktop\kerneldevelopment\kernel_ftp\x64\debug\kernel_ftp.tlog\inf2cat-expand.5184.read.1.tlog
c:\users\ereborlugimli\desktop\kerneldevelopment\kernel_ftp\x64\debug\kernel_ftp.tlog\inf2cat-expand.5184.write.1.tlog
c:\users\ereborlugimli\desktop\kerneldevelopment\kernel_ftp\x64\debug\kernel_ftp.tlog\inf2cat-expand.5464.read.1.tlog
c:\users\ereborlugimli\desktop\kerneldevelopment\kernel_ftp\x64\debug\kernel_ftp.tlog\inf2cat-expand.5464.write.1.tlog
c:\users\ereborlugimli\desktop\kerneldevelopment\kernel_ftp\x64\debug\kernel_ftp.tlog\inf2cat-expand.6504.read.1.tlog
c:\users\ereborlugimli\desktop\kerneldevelopment\kernel_ftp\x64\debug\kernel_ftp.tlog\inf2cat-expand.6504.write.1.tlog
c:\users\ereborlugimli\desktop\kerneldevelopment\kernel_ftp\x64\debug\kernel_ftp.tlog\inf2cat-expand.7452.read.1.tlog
c:\users\ereborlugimli\desktop\kerneldevelopment\kernel_ftp\x64\debug\kernel_ftp.tlog\inf2cat-expand.7452.write.1.tlog
c:\users\ereborlugimli\desktop\kerneldevelopment\kernel_ftp\x64\debug\kernel_ftp.tlog\inf2cat-expand.7476.read.1.tlog
c:\users\ereborlugimli\desktop\kerneldevelopment\kernel_ftp\x64\debug\kernel_ftp.tlog\inf2cat-expand.7476.write.1.tlog
c:\users\ereborlugimli\desktop\kerneldevelopment\kernel_ftp\x64\debug\kernel_ftp.tlog\inf2cat-expand.7732.read.1.tlog
c:\users\ereborlugimli\desktop\kerneldevelopment\kernel_ftp\x64\debug\kernel_ftp.tlog\inf2cat-expand.7732.write.1.tlog
c:\users\ereborlugimli\desktop\kerneldevelopment\kernel_ftp\x64\debug\kernel_ftp.tlog\inf2cat-expand.7940.read.1.tlog
c:\users\ereborlugimli\desktop\kerneldevelopment\kernel_ftp\x64\debug\kernel_ftp.tlog\inf2cat-expand.7940.write.1.tlog
c:\users\ereborlugimli\desktop\kerneldevelopment\kernel_ftp\x64\debug\kernel_ftp.tlog\inf2cat-expand.7980.read.1.tlog
c:\users\ereborlugimli\desktop\kerneldevelopment\kernel_ftp\x64\debug\kernel_ftp.tlog\inf2cat-expand.7980.write.1.tlog
c:\users\ereborlugimli\desktop\kerneldevelopment\kernel_ftp\x64\debug\kernel_ftp.tlog\inf2cat-expand.8020.read.1.tlog
c:\users\ereborlugimli\desktop\kerneldevelopment\kernel_ftp\x64\debug\kernel_ftp.tlog\inf2cat-expand.8020.write.1.tlog
c:\users\ereborlugimli\desktop\kerneldevelopment\kernel_ftp\x64\debug\kernel_ftp.tlog\inf2cat-expand.8196.read.1.tlog
c:\users\ereborlugimli\desktop\kerneldevelopment\kernel_ftp\x64\debug\kernel_ftp.tlog\inf2cat-expand.8196.write.1.tlog
c:\users\ereborlugimli\desktop\kerneldevelopment\kernel_ftp\x64\debug\kernel_ftp.tlog\inf2cat-expand.8508.read.1.tlog
c:\users\ereborlugimli\desktop\kerneldevelopment\kernel_ftp\x64\debug\kernel_ftp.tlog\inf2cat-expand.8508.write.1.tlog
c:\users\ereborlugimli\desktop\kerneldevelopment\kernel_ftp\x64\debug\kernel_ftp.tlog\inf2cat-expand.9312.read.1.tlog
c:\users\ereborlugimli\desktop\kerneldevelopment\kernel_ftp\x64\debug\kernel_ftp.tlog\inf2cat-expand.9312.write.1.tlog
c:\users\ereborlugimli\desktop\kerneldevelopment\kernel_ftp\x64\debug\kernel_ftp.tlog\inf2cat-expand.9988.read.1.tlog
c:\users\ereborlugimli\desktop\kerneldevelopment\kernel_ftp\x64\debug\kernel_ftp.tlog\inf2cat-expand.9988.write.1.tlog
c:\users\ereborlugimli\desktop\kerneldevelopment\kernel_ftp\x64\debug\kernel_ftp.tlog\inf2cat-expand.read.1.tlog
c:\users\ereborlugimli\desktop\kerneldevelopment\kernel_ftp\x64\debug\kernel_ftp.tlog\inf2cat-expand.write.1.tlog
c:\users\ereborlugimli\desktop\kerneldevelopment\kernel_ftp\x64\debug\kernel_ftp.tlog\inf2cat.command.1.tlog
c:\users\ereborlugimli\desktop\kerneldevelopment\kernel_ftp\x64\debug\kernel_ftp.tlog\link.command.1.tlog
c:\users\ereborlugimli\desktop\kerneldevelopment\kernel_ftp\x64\debug\kernel_ftp.tlog\link.read.1.tlog
c:\users\ereborlugimli\desktop\kerneldevelopment\kernel_ftp\x64\debug\kernel_ftp.tlog\link.secondary.1.tlog
c:\users\ereborlugimli\desktop\kerneldevelopment\kernel_ftp\x64\debug\kernel_ftp.tlog\link.write.1.tlog
c:\users\ereborlugimli\desktop\kerneldevelopment\kernel_ftp\x64\debug\kernel_ftp.tlog\signtool.command.1.tlog
c:\users\ereborlugimli\desktop\kerneldevelopment\kernel_ftp\x64\debug\kernel_ftp.tlog\signtool.read.1.tlog
c:\users\ereborlugimli\desktop\kerneldevelopment\kernel_ftp\x64\debug\kernel_ftp.tlog\signtool.timestamp.1.tlog
c:\users\ereborlugimli\desktop\kerneldevelopment\kernel_ftp\x64\debug\kernel_ftp.tlog\signtool.write.1.tlog
c:\users\ereborlugimli\desktop\kerneldevelopment\kernel_ftp\x64\debug\kernel_ftp.tlog\stampinf.command.1.tlog
c:\users\ereborlugimli\desktop\kerneldevelopment\kernel_ftp\x64\debug\kernel_ftp.tlog\stampinf.read.1.tlog
c:\users\ereborlugimli\desktop\kerneldevelopment\kernel_ftp\x64\debug\kernel_ftp.tlog\stampinf.write.1.tlog
